<?xml version="1.0" encoding="UTF-8"?>
<!-- Generated by org.testng.reporters.JUnitXMLReporter -->
<testsuite ignored="0" hostname="LAPTOP-RU25AAK8" failures="0" tests="5" name="Default test" time="35.15" errors="0" timestamp="2024-12-17T13:00:06 GMT-05:00">
  <testcase classname="com.bcframeworkhybrid_testcases.RegisterTest" name="verifySuccessfulRegistration" time="2.822"/>
  <testcase classname="com.bcframeworkhybrid_testcases.RegisterTest" name="verifySuccessfulRegistration" time="2.834"/>
  <testcase classname="com.bcframeworkhybrid_testcases.RegisterTest" name="verifySuccessfulRegistration" time="2.781"/>
  <testcase classname="com.bcframeworkhybrid_testcases.RegisterTest" name="verifySuccessfulRegistration" time="2.807"/>
  <testcase classname="com.bcframeworkhybrid_testcases.RegisterTest" name="verifySuccessfulRegistration" time="5.245"/>
</testsuite> <!-- Default test -->
