<?xml version="1.0" encoding="UTF-8"?>
<!-- Generated by org.testng.reporters.JUnitXMLReporter -->
<testsuite ignored="0" hostname="LAPTOP-RU25AAK8" failures="0" tests="5" name="RegistrationTests" time="36.178" errors="0" timestamp="2024-12-17T18:50:19 GMT-05:00">
  <testcase classname="com.bcframeworkhybrid_testcases.RegisterTest" name="verifySuccessfulRegistration" time="3.083"/>
  <testcase classname="com.bcframeworkhybrid_testcases.RegisterTest" name="verifySuccessfulRegistration" time="3.39"/>
  <testcase classname="com.bcframeworkhybrid_testcases.RegisterTest" name="verifySuccessfulRegistration" time="4.185"/>
  <testcase classname="com.bcframeworkhybrid_testcases.RegisterTest" name="verifySuccessfulRegistration" time="2.72"/>
  <testcase classname="com.bcframeworkhybrid_testcases.RegisterTest" name="verifySuccessfulRegistration" time="3.249"/>
</testsuite> <!-- RegistrationTests -->
